<?xml version="1.0" encoding="UTF-8"?>
<testsuite name="agh.ics.oop.Vector2dTest" tests="1" skipped="0" failures="0" errors="0" timestamp="2022-10-22T20:49:51" hostname="DESKTOP-M7EP362" time="0.028">
  <properties/>
  <testcase name="subtractTest()" classname="agh.ics.oop.Vector2dTest" time="0.028"/>
  <system-out><![CDATA[]]></system-out>
  <system-err><![CDATA[]]></system-err>
</testsuite>
