<?xml version="1.0" encoding="UTF-8"?>
<testsuite name="agh.ics.oop.GrassFieldTest" tests="2" skipped="0" failures="0" errors="0" timestamp="2022-12-05T10:37:49" hostname="DESKTOP-M7EP362" time="0.044">
  <properties/>
  <testcase name="placeAndCanMoveToTest()" classname="agh.ics.oop.GrassFieldTest" time="0.042"/>
  <testcase name="isOccupiedTest()" classname="agh.ics.oop.GrassFieldTest" time="0.001"/>
  <system-out><![CDATA[]]></system-out>
  <system-err><![CDATA[]]></system-err>
</testsuite>
