<?xml version="1.0" encoding="UTF-8"?>
<testsuite name="agh.ics.oop.AnimalTest" tests="2" skipped="0" failures="0" errors="0" timestamp="2022-11-02T09:02:12" hostname="DESKTOP-M7EP362" time="0.061">
  <properties/>
  <testcase name="moveTest()" classname="agh.ics.oop.AnimalTest" time="0.058"/>
  <testcase name="toStringTest()" classname="agh.ics.oop.AnimalTest" time="0.001"/>
  <system-out><![CDATA[]]></system-out>
  <system-err><![CDATA[]]></system-err>
</testsuite>
