<?xml version="1.0" encoding="UTF-8"?>
<testsuite name="agh.ics.oop.GrassFieldTest" tests="2" skipped="0" failures="0" errors="0" timestamp="2022-11-22T20:42:48" hostname="DESKTOP-M7EP362" time="0.026">
  <properties/>
  <testcase name="placeAndCanMoveToTest()" classname="agh.ics.oop.GrassFieldTest" time="0.025"/>
  <testcase name="isOccupiedTest()" classname="agh.ics.oop.GrassFieldTest" time="0.0"/>
  <system-out><![CDATA[]]></system-out>
  <system-err><![CDATA[]]></system-err>
</testsuite>
